2021-02-28 20:50:05.686  INFO 9892 --- [main] c.l.openplatform.eureka.EurekaStartApp   : No active profile set, falling back to default profiles: default
2021-02-28 20:50:06.889  WARN 9892 --- [main] o.s.boot.actuate.endpoint.EndpointId     : Endpoint ID 'service-registry' contains invalid characters, please migrate to a valid format.
2021-02-28 20:50:07.273  INFO 9892 --- [main] o.s.cloud.context.scope.GenericScope     : BeanFactory id=61a10065-1743-3ff5-9967-c04e27f55d87
2021-02-28 20:50:07.666  INFO 9892 --- [main] o.s.b.w.embedded.tomcat.TomcatWebServer  : Tomcat initialized with port(s): 20000 (http)
2021-02-28 20:50:07.690  INFO 9892 --- [main] o.apache.catalina.core.StandardService   : Starting service [Tomcat]
2021-02-28 20:50:07.690  INFO 9892 --- [main] org.apache.catalina.core.StandardEngine  : Starting Servlet engine: [Apache Tomcat/9.0.26]
2021-02-28 20:50:08.197  INFO 9892 --- [main] o.a.c.c.C.[Tomcat].[localhost].[/]       : Initializing Spring embedded WebApplicationContext
2021-02-28 20:50:08.197  INFO 9892 --- [main] o.s.web.context.ContextLoader            : Root WebApplicationContext: initialization completed in 2491 ms
2021-02-28 20:50:09.094  WARN 9892 --- [main] c.n.c.sources.URLConfigurationSource     : No URLs will be polled as dynamic configuration sources.
2021-02-28 20:50:09.094  INFO 9892 --- [main] c.n.c.sources.URLConfigurationSource     : To enable URLs as dynamic configuration sources, define System property archaius.configurationSource.additionalUrls or make config.properties available on classpath.
2021-02-28 20:50:09.191  INFO 9892 --- [main] c.netflix.config.DynamicPropertyFactory  : DynamicPropertyFactory is initialized with configuration sources: com.netflix.config.ConcurrentCompositeConfiguration@77049094
2021-02-28 20:50:11.177  INFO 9892 --- [main] c.s.j.s.i.a.WebApplicationImpl           : Initiating Jersey application, version 'Jersey: 1.19.1 03/11/2016 02:08 PM'
2021-02-28 20:50:11.243  INFO 9892 --- [main] c.n.d.provider.DiscoveryJerseyProvider   : Using JSON encoding codec LegacyJacksonJson
2021-02-28 20:50:11.255  INFO 9892 --- [main] c.n.d.provider.DiscoveryJerseyProvider   : Using JSON decoding codec LegacyJacksonJson
2021-02-28 20:50:11.546  INFO 9892 --- [main] c.n.d.provider.DiscoveryJerseyProvider   : Using XML encoding codec XStreamXml
2021-02-28 20:50:11.546  INFO 9892 --- [main] c.n.d.provider.DiscoveryJerseyProvider   : Using XML decoding codec XStreamXml
2021-02-28 20:50:12.326  INFO 9892 --- [main] o.s.b.a.e.web.EndpointLinksResolver      : Exposing 2 endpoint(s) beneath base path '/actuator'
2021-02-28 20:50:12.381  INFO 9892 --- [main] o.s.s.web.DefaultSecurityFilterChain     : Creating filter chain: any request, [org.springframework.security.web.context.request.async.WebAsyncManagerIntegrationFilter@2262f0d8, org.springframework.security.web.context.SecurityContextPersistenceFilter@2fac80a8, org.springframework.security.web.header.HeaderWriterFilter@64910b2d, org.springframework.security.web.authentication.logout.LogoutFilter@2ba024cb, org.springframework.security.web.authentication.www.BasicAuthenticationFilter@45f9d394, org.springframework.security.web.savedrequest.RequestCacheAwareFilter@50778bde, org.springframework.security.web.servletapi.SecurityContextHolderAwareRequestFilter@7babed9e, org.springframework.security.web.authentication.AnonymousAuthenticationFilter@283a8ad6, org.springframework.security.web.session.SessionManagementFilter@7ef8e623, org.springframework.security.web.access.ExceptionTranslationFilter@27bb4dc5, org.springframework.security.web.access.intercept.FilterSecurityInterceptor@53e93fb7]
2021-02-28 20:50:12.392  WARN 9892 --- [main] c.n.c.sources.URLConfigurationSource     : No URLs will be polled as dynamic configuration sources.
2021-02-28 20:50:12.392  INFO 9892 --- [main] c.n.c.sources.URLConfigurationSource     : To enable URLs as dynamic configuration sources, define System property archaius.configurationSource.additionalUrls or make config.properties available on classpath.
2021-02-28 20:50:12.556  INFO 9892 --- [main] o.s.s.concurrent.ThreadPoolTaskExecutor  : Initializing ExecutorService 'applicationTaskExecutor'
2021-02-28 20:50:13.682  INFO 9892 --- [main] o.s.c.n.eureka.InstanceInfoFactory       : Setting initial instance status as: STARTING
2021-02-28 20:50:13.718  INFO 9892 --- [main] com.netflix.discovery.DiscoveryClient    : Initializing Eureka in region us-east-1
2021-02-28 20:50:13.718  INFO 9892 --- [main] com.netflix.discovery.DiscoveryClient    : Client configured to neither register nor query for data.
2021-02-28 20:50:13.741  INFO 9892 --- [main] com.netflix.discovery.DiscoveryClient    : Discovery Client initialized at timestamp 1614516613725 with initial instances count: 0
2021-02-28 20:50:13.788  INFO 9892 --- [main] c.n.eureka.DefaultEurekaServerContext    : Initializing ...
2021-02-28 20:50:13.788  INFO 9892 --- [main] c.n.eureka.cluster.PeerEurekaNodes       : Adding new peer nodes [http://localhost:20000/eureka/]
2021-02-28 20:50:14.784  INFO 9892 --- [main] c.n.d.provider.DiscoveryJerseyProvider   : Using JSON encoding codec LegacyJacksonJson
2021-02-28 20:50:14.784  INFO 9892 --- [main] c.n.d.provider.DiscoveryJerseyProvider   : Using JSON decoding codec LegacyJacksonJson
2021-02-28 20:50:14.784  INFO 9892 --- [main] c.n.d.provider.DiscoveryJerseyProvider   : Using XML encoding codec XStreamXml
2021-02-28 20:50:14.784  INFO 9892 --- [main] c.n.d.provider.DiscoveryJerseyProvider   : Using XML decoding codec XStreamXml
2021-02-28 20:50:14.911  INFO 9892 --- [main] c.n.eureka.cluster.PeerEurekaNodes       : Replica node URL:  http://localhost:20000/eureka/
2021-02-28 20:50:14.919  INFO 9892 --- [main] c.n.e.registry.AbstractInstanceRegistry  : Finished initializing remote region registries. All known remote regions: []
2021-02-28 20:50:14.920  INFO 9892 --- [main] c.n.eureka.DefaultEurekaServerContext    : Initialized
2021-02-28 20:50:15.000  INFO 9892 --- [main] o.s.c.n.e.s.EurekaServiceRegistry        : Registering application OPENAPI-EUREKA with eureka with status UP
2021-02-28 20:50:15.002  INFO 9892 --- [Thread-29] o.s.c.n.e.server.EurekaServerBootstrap   : Setting the eureka configuration..
2021-02-28 20:50:15.004  INFO 9892 --- [Thread-29] o.s.c.n.e.server.EurekaServerBootstrap   : Eureka data center value eureka.datacenter is not set, defaulting to default
2021-02-28 20:50:15.005  INFO 9892 --- [Thread-29] o.s.c.n.e.server.EurekaServerBootstrap   : Eureka environment value eureka.environment is not set, defaulting to test
2021-02-28 20:50:15.053  INFO 9892 --- [Thread-29] o.s.c.n.e.server.EurekaServerBootstrap   : isAws returned false
2021-02-28 20:50:15.053  INFO 9892 --- [Thread-29] o.s.c.n.e.server.EurekaServerBootstrap   : Initialized server context
2021-02-28 20:50:15.053  INFO 9892 --- [Thread-29] c.n.e.r.PeerAwareInstanceRegistryImpl    : Got 1 instances from neighboring DS node
2021-02-28 20:50:15.053  INFO 9892 --- [Thread-29] c.n.e.r.PeerAwareInstanceRegistryImpl    : Renew threshold is: 1
2021-02-28 20:50:15.053  INFO 9892 --- [Thread-29] c.n.e.r.PeerAwareInstanceRegistryImpl    : Changing status to UP
2021-02-28 20:50:15.061  INFO 9892 --- [Thread-29] e.s.EurekaServerInitializerConfiguration : Started Eureka Server
2021-02-28 20:50:15.061  INFO 9892 --- [main] o.s.b.w.embedded.tomcat.TomcatWebServer  : Tomcat started on port(s): 20000 (http) with context path ''
2021-02-28 20:50:15.065  INFO 9892 --- [main] .s.c.n.e.s.EurekaAutoServiceRegistration : Updating port to 20000
2021-02-28 20:50:15.714  INFO 9892 --- [main] c.l.openplatform.eureka.EurekaStartApp   : Started EurekaStartApp in 13.148 seconds (JVM running for 16.318)
2021-02-28 20:50:16.065  INFO 9892 --- [RMI TCP Connection(7)-192.168.137.1] o.a.c.c.C.[Tomcat].[localhost].[/]       : Initializing Spring DispatcherServlet 'dispatcherServlet'
2021-02-28 20:50:16.065  INFO 9892 --- [RMI TCP Connection(7)-192.168.137.1] o.s.web.servlet.DispatcherServlet        : Initializing Servlet 'dispatcherServlet'
2021-02-28 20:50:16.073  INFO 9892 --- [RMI TCP Connection(7)-192.168.137.1] o.s.web.servlet.DispatcherServlet        : Completed initialization in 8 ms
2021-02-28 20:51:15.055  INFO 9892 --- [Eureka-EvictionTimer] c.n.e.registry.AbstractInstanceRegistry  : Running the evict task with compensationTime 0ms
2021-02-28 20:52:15.055  INFO 9892 --- [Eureka-EvictionTimer] c.n.e.registry.AbstractInstanceRegistry  : Running the evict task with compensationTime 0ms
2021-02-28 20:53:15.055  INFO 9892 --- [Eureka-EvictionTimer] c.n.e.registry.AbstractInstanceRegistry  : Running the evict task with compensationTime 0ms
2021-02-28 20:54:15.056  INFO 9892 --- [Eureka-EvictionTimer] c.n.e.registry.AbstractInstanceRegistry  : Running the evict task with compensationTime 0ms
2021-02-28 20:55:15.059  INFO 9892 --- [Eureka-EvictionTimer] c.n.e.registry.AbstractInstanceRegistry  : Running the evict task with compensationTime 3ms
2021-02-28 20:56:15.060  INFO 9892 --- [Eureka-EvictionTimer] c.n.e.registry.AbstractInstanceRegistry  : Running the evict task with compensationTime 0ms
2021-02-28 20:57:15.063  INFO 9892 --- [Eureka-EvictionTimer] c.n.e.registry.AbstractInstanceRegistry  : Running the evict task with compensationTime 3ms
2021-02-28 20:58:15.064  INFO 9892 --- [Eureka-EvictionTimer] c.n.e.registry.AbstractInstanceRegistry  : Running the evict task with compensationTime 1ms
2021-02-28 20:59:15.065  INFO 9892 --- [Eureka-EvictionTimer] c.n.e.registry.AbstractInstanceRegistry  : Running the evict task with compensationTime 0ms
2021-02-28 21:00:15.068  INFO 9892 --- [Eureka-EvictionTimer] c.n.e.registry.AbstractInstanceRegistry  : Running the evict task with compensationTime 3ms
2021-02-28 21:01:15.069  INFO 9892 --- [Eureka-EvictionTimer] c.n.e.registry.AbstractInstanceRegistry  : Running the evict task with compensationTime 1ms
2021-02-28 21:02:15.072  INFO 9892 --- [Eureka-EvictionTimer] c.n.e.registry.AbstractInstanceRegistry  : Running the evict task with compensationTime 2ms
2021-02-28 21:03:15.073  INFO 9892 --- [Eureka-EvictionTimer] c.n.e.registry.AbstractInstanceRegistry  : Running the evict task with compensationTime 0ms
2021-02-28 21:04:15.073  INFO 9892 --- [Eureka-EvictionTimer] c.n.e.registry.AbstractInstanceRegistry  : Running the evict task with compensationTime 0ms
2021-02-28 21:04:23.061  INFO 9892 --- [http-nio-20000-exec-2] c.n.e.registry.AbstractInstanceRegistry  : Registered instance OPENAPI-CONFIGSERVER/LAPTOP-4ISBCEIU:openapi-configserver:12000 with status UP (replication=false)
2021-02-28 21:04:23.649  INFO 9892 --- [http-nio-20000-exec-3] c.n.e.registry.AbstractInstanceRegistry  : Registered instance OPENAPI-CONFIGSERVER/LAPTOP-4ISBCEIU:openapi-configserver:12000 with status UP (replication=true)
2021-02-28 21:05:14.920  INFO 9892 --- [ReplicaAwareInstanceRegistry - RenewalThresholdUpdater] c.n.e.r.PeerAwareInstanceRegistryImpl    : Current renewal threshold is : 3
2021-02-28 21:05:15.076  INFO 9892 --- [Eureka-EvictionTimer] c.n.e.registry.AbstractInstanceRegistry  : Running the evict task with compensationTime 2ms
2021-02-28 21:05:17.473  INFO 9892 --- [http-nio-20000-exec-10] c.n.e.registry.AbstractInstanceRegistry  : Registered instance OPENAPI-CACHE/LAPTOP-4ISBCEIU:openapi-cache:21000 with status UP (replication=false)
2021-02-28 21:05:17.982  INFO 9892 --- [http-nio-20000-exec-1] c.n.e.registry.AbstractInstanceRegistry  : Registered instance OPENAPI-CACHE/LAPTOP-4ISBCEIU:openapi-cache:21000 with status UP (replication=true)
2021-02-28 21:06:15.076  INFO 9892 --- [Eureka-EvictionTimer] c.n.e.registry.AbstractInstanceRegistry  : Running the evict task with compensationTime 0ms
2021-02-28 21:07:15.078  INFO 9892 --- [Eureka-EvictionTimer] c.n.e.registry.AbstractInstanceRegistry  : Running the evict task with compensationTime 2ms
2021-02-28 21:08:15.078  INFO 9892 --- [Eureka-EvictionTimer] c.n.e.registry.AbstractInstanceRegistry  : Running the evict task with compensationTime 0ms
2021-02-28 21:09:15.082  INFO 9892 --- [Eureka-EvictionTimer] c.n.e.registry.AbstractInstanceRegistry  : Running the evict task with compensationTime 3ms
2021-02-28 21:10:15.083  INFO 9892 --- [Eureka-EvictionTimer] c.n.e.registry.AbstractInstanceRegistry  : Running the evict task with compensationTime 0ms
2021-02-28 21:11:15.084  INFO 9892 --- [Eureka-EvictionTimer] c.n.e.registry.AbstractInstanceRegistry  : Running the evict task with compensationTime 1ms
2021-02-28 21:12:15.084  INFO 9892 --- [Eureka-EvictionTimer] c.n.e.registry.AbstractInstanceRegistry  : Running the evict task with compensationTime 0ms
2021-02-28 21:13:15.084  INFO 9892 --- [Eureka-EvictionTimer] c.n.e.registry.AbstractInstanceRegistry  : Running the evict task with compensationTime 0ms
2021-02-28 21:14:15.084  INFO 9892 --- [Eureka-EvictionTimer] c.n.e.registry.AbstractInstanceRegistry  : Running the evict task with compensationTime 0ms
2021-02-28 21:15:15.085  INFO 9892 --- [Eureka-EvictionTimer] c.n.e.registry.AbstractInstanceRegistry  : Running the evict task with compensationTime 0ms
2021-02-28 21:16:15.085  INFO 9892 --- [Eureka-EvictionTimer] c.n.e.registry.AbstractInstanceRegistry  : Running the evict task with compensationTime 0ms
2021-02-28 21:17:15.085  INFO 9892 --- [Eureka-EvictionTimer] c.n.e.registry.AbstractInstanceRegistry  : Running the evict task with compensationTime 0ms
2021-02-28 21:18:15.086  INFO 9892 --- [Eureka-EvictionTimer] c.n.e.registry.AbstractInstanceRegistry  : Running the evict task with compensationTime 0ms
2021-02-28 21:19:15.086  INFO 9892 --- [Eureka-EvictionTimer] c.n.e.registry.AbstractInstanceRegistry  : Running the evict task with compensationTime 0ms
2021-02-28 21:20:14.921  INFO 9892 --- [ReplicaAwareInstanceRegistry - RenewalThresholdUpdater] c.n.e.r.PeerAwareInstanceRegistryImpl    : Current renewal threshold is : 5
2021-02-28 21:20:15.086  INFO 9892 --- [Eureka-EvictionTimer] c.n.e.registry.AbstractInstanceRegistry  : Running the evict task with compensationTime 0ms
2021-02-28 21:21:15.087  INFO 9892 --- [Eureka-EvictionTimer] c.n.e.registry.AbstractInstanceRegistry  : Running the evict task with compensationTime 0ms
2021-02-28 21:22:15.087  INFO 9892 --- [Eureka-EvictionTimer] c.n.e.registry.AbstractInstanceRegistry  : Running the evict task with compensationTime 0ms
2021-02-28 21:23:15.094  INFO 9892 --- [Eureka-EvictionTimer] c.n.e.registry.AbstractInstanceRegistry  : Running the evict task with compensationTime 7ms
2021-02-28 21:24:15.094  INFO 9892 --- [Eureka-EvictionTimer] c.n.e.registry.AbstractInstanceRegistry  : Running the evict task with compensationTime 0ms
2021-02-28 21:25:15.095  INFO 9892 --- [Eureka-EvictionTimer] c.n.e.registry.AbstractInstanceRegistry  : Running the evict task with compensationTime 0ms
2021-02-28 21:26:15.096  INFO 9892 --- [Eureka-EvictionTimer] c.n.e.registry.AbstractInstanceRegistry  : Running the evict task with compensationTime 0ms
2021-02-28 21:27:15.096  INFO 9892 --- [Eureka-EvictionTimer] c.n.e.registry.AbstractInstanceRegistry  : Running the evict task with compensationTime 0ms
2021-02-28 21:28:15.097  INFO 9892 --- [Eureka-EvictionTimer] c.n.e.registry.AbstractInstanceRegistry  : Running the evict task with compensationTime 0ms
2021-02-28 21:29:15.097  INFO 9892 --- [Eureka-EvictionTimer] c.n.e.registry.AbstractInstanceRegistry  : Running the evict task with compensationTime 0ms
2021-02-28 21:30:15.097  INFO 9892 --- [Eureka-EvictionTimer] c.n.e.registry.AbstractInstanceRegistry  : Running the evict task with compensationTime 0ms
2021-02-28 21:31:15.098  INFO 9892 --- [Eureka-EvictionTimer] c.n.e.registry.AbstractInstanceRegistry  : Running the evict task with compensationTime 0ms
2021-02-28 21:32:15.099  INFO 9892 --- [Eureka-EvictionTimer] c.n.e.registry.AbstractInstanceRegistry  : Running the evict task with compensationTime 0ms
2021-02-28 21:33:15.100  INFO 9892 --- [Eureka-EvictionTimer] c.n.e.registry.AbstractInstanceRegistry  : Running the evict task with compensationTime 0ms
2021-02-28 21:34:15.101  INFO 9892 --- [Eureka-EvictionTimer] c.n.e.registry.AbstractInstanceRegistry  : Running the evict task with compensationTime 0ms
2021-02-28 21:35:14.921  INFO 9892 --- [ReplicaAwareInstanceRegistry - RenewalThresholdUpdater] c.n.e.r.PeerAwareInstanceRegistryImpl    : Current renewal threshold is : 5
2021-02-28 21:35:15.101  INFO 9892 --- [Eureka-EvictionTimer] c.n.e.registry.AbstractInstanceRegistry  : Running the evict task with compensationTime 0ms
2021-02-28 21:36:15.102  INFO 9892 --- [Eureka-EvictionTimer] c.n.e.registry.AbstractInstanceRegistry  : Running the evict task with compensationTime 0ms
2021-02-28 21:37:15.102  INFO 9892 --- [Eureka-EvictionTimer] c.n.e.registry.AbstractInstanceRegistry  : Running the evict task with compensationTime 0ms
2021-02-28 21:38:15.103  INFO 9892 --- [Eureka-EvictionTimer] c.n.e.registry.AbstractInstanceRegistry  : Running the evict task with compensationTime 1ms
2021-02-28 21:39:15.104  INFO 9892 --- [Eureka-EvictionTimer] c.n.e.registry.AbstractInstanceRegistry  : Running the evict task with compensationTime 0ms
2021-02-28 21:40:15.104  INFO 9892 --- [Eureka-EvictionTimer] c.n.e.registry.AbstractInstanceRegistry  : Running the evict task with compensationTime 0ms
2021-02-28 21:41:15.105  INFO 9892 --- [Eureka-EvictionTimer] c.n.e.registry.AbstractInstanceRegistry  : Running the evict task with compensationTime 0ms
2021-02-28 21:42:15.105  INFO 9892 --- [Eureka-EvictionTimer] c.n.e.registry.AbstractInstanceRegistry  : Running the evict task with compensationTime 0ms
2021-02-28 21:43:15.107  INFO 9892 --- [Eureka-EvictionTimer] c.n.e.registry.AbstractInstanceRegistry  : Running the evict task with compensationTime 1ms
2021-02-28 21:44:15.107  INFO 9892 --- [Eureka-EvictionTimer] c.n.e.registry.AbstractInstanceRegistry  : Running the evict task with compensationTime 0ms
2021-02-28 21:45:15.108  INFO 9892 --- [Eureka-EvictionTimer] c.n.e.registry.AbstractInstanceRegistry  : Running the evict task with compensationTime 0ms
2021-02-28 21:46:15.109  INFO 9892 --- [Eureka-EvictionTimer] c.n.e.registry.AbstractInstanceRegistry  : Running the evict task with compensationTime 1ms
2021-02-28 21:47:15.110  INFO 9892 --- [Eureka-EvictionTimer] c.n.e.registry.AbstractInstanceRegistry  : Running the evict task with compensationTime 1ms
2021-02-28 21:48:15.110  INFO 9892 --- [Eureka-EvictionTimer] c.n.e.registry.AbstractInstanceRegistry  : Running the evict task with compensationTime 0ms
2021-02-28 21:49:15.111  INFO 9892 --- [Eureka-EvictionTimer] c.n.e.registry.AbstractInstanceRegistry  : Running the evict task with compensationTime 0ms
2021-02-28 21:50:14.922  INFO 9892 --- [ReplicaAwareInstanceRegistry - RenewalThresholdUpdater] c.n.e.r.PeerAwareInstanceRegistryImpl    : Current renewal threshold is : 5
2021-02-28 21:50:15.112  INFO 9892 --- [Eureka-EvictionTimer] c.n.e.registry.AbstractInstanceRegistry  : Running the evict task with compensationTime 1ms
2021-02-28 21:51:15.112  INFO 9892 --- [Eureka-EvictionTimer] c.n.e.registry.AbstractInstanceRegistry  : Running the evict task with compensationTime 0ms
2021-02-28 21:52:15.113  INFO 9892 --- [Eureka-EvictionTimer] c.n.e.registry.AbstractInstanceRegistry  : Running the evict task with compensationTime 0ms
2021-02-28 21:53:15.114  INFO 9892 --- [Eureka-EvictionTimer] c.n.e.registry.AbstractInstanceRegistry  : Running the evict task with compensationTime 0ms
2021-02-28 21:54:15.117  INFO 9892 --- [Eureka-EvictionTimer] c.n.e.registry.AbstractInstanceRegistry  : Running the evict task with compensationTime 3ms
